android/build/intermediates/manifest_merge_blame_file/debug/manifest-merger-blame-debug-report.txt
1<?xml version="1.0" encoding="utf-8"?>
2<manifest xmlns:android="http://schemas.android.com/apk/res/android"
3    xmlns:tools="http://schemas.android.com/tools"
4    package="com.personal.mpush"
5    android:versionCode="1"
6    android:versionName="1.0"
7    tools:ignore="ExtraText" >
8
9    <uses-sdk
10        android:minSdkVersion="23"
10-->src/main/AndroidManifest.xml
11        android:targetSdkVersion="29" />
11-->src/main/AndroidManifest.xml
12
13    <uses-permission android:name="android.permission.WAKE_LOCK" />
13-->src/main/AndroidManifest.xml:7:5-68
13-->src/main/AndroidManifest.xml:7:22-65
14    <uses-permission android:name="android.permission.WRITE_EXTERNAL_STORAGE" />
14-->src/main/AndroidManifest.xml:8:5-81
14-->src/main/AndroidManifest.xml:8:22-78
15    <uses-permission android:name="android.permission.INTERNET" />
15-->src/main/AndroidManifest.xml:9:5-67
15-->src/main/AndroidManifest.xml:9:22-64
16    <uses-permission android:name="android.permission.ACCESS_NETWORK_STATE" />
16-->src/main/AndroidManifest.xml:10:5-79
16-->src/main/AndroidManifest.xml:10:22-76
17    <uses-permission android:name="android.permission.ACCESS_WIFI_STATE" />
17-->src/main/AndroidManifest.xml:11:5-76
17-->src/main/AndroidManifest.xml:11:22-73
18    <uses-permission android:name="android.permission.READ_PHONE_STATE" />
18-->src/main/AndroidManifest.xml:12:5-75
18-->src/main/AndroidManifest.xml:12:22-72
19    <uses-permission android:name="android.permission.VIBRATE" />
19-->src/main/AndroidManifest.xml:13:5-66
19-->src/main/AndroidManifest.xml:13:22-63
20
21    <permission
21-->src/main/AndroidManifest.xml:15:5-17:47
22        android:name="com.personal.mipush.permission.MIPUSH_RECEIVE"
22-->src/main/AndroidManifest.xml:16:9-69
23        android:protectionLevel="signature" /> <!-- 这里com.xiaomi.mipushdemo改成app的包名 -->
23-->src/main/AndroidManifest.xml:17:9-44
24    <uses-permission android:name="com.personal.mipush.permission.MIPUSH_RECEIVE" />
24-->src/main/AndroidManifest.xml:18:5-85
24-->src/main/AndroidManifest.xml:18:22-82
25
26    <application>
26-->src/main/AndroidManifest.xml:20:5-88:19
27        <receiver
27-->src/main/AndroidManifest.xml:22:9-29:20
28            android:name="com.personal.mpush.receiver.MyLocalNotifyReceiver"
28-->src/main/AndroidManifest.xml:23:13-59
29            android:enabled="true"
29-->src/main/AndroidManifest.xml:24:13-35
30            android:exported="true" >
30-->src/main/AndroidManifest.xml:25:13-36
31            <intent-filter>
31-->src/main/AndroidManifest.xml:26:13-28:29
32                <action android:name="com.personal.mpush.sendReceiver" />
32-->src/main/AndroidManifest.xml:27:17-74
32-->src/main/AndroidManifest.xml:27:25-71
33            </intent-filter>
34        </receiver>
35
36        <service
36-->src/main/AndroidManifest.xml:31:9-34:46
37            android:name="com.xiaomi.push.service.XMPushService"
37-->src/main/AndroidManifest.xml:32:13-65
38            android:enabled="true"
38-->src/main/AndroidManifest.xml:33:13-35
39            android:process=":pushservice" /> <!-- 注：此service必须在3.0.1版本以后（包括3.0.1版本）加入 -->
39-->src/main/AndroidManifest.xml:34:13-43
40        <service
40-->src/main/AndroidManifest.xml:35:9-40:46
41            android:name="com.xiaomi.push.service.XMJobService"
41-->src/main/AndroidManifest.xml:36:13-64
42            android:enabled="true"
42-->src/main/AndroidManifest.xml:37:13-35
43            android:exported="false"
43-->src/main/AndroidManifest.xml:38:13-37
44            android:permission="android.permission.BIND_JOB_SERVICE"
44-->src/main/AndroidManifest.xml:39:13-69
45            android:process=":pushservice" />
45-->src/main/AndroidManifest.xml:40:13-43
46        <service
46-->src/main/AndroidManifest.xml:41:9-44:39
47            android:name="com.xiaomi.mipush.sdk.PushMessageHandler"
47-->src/main/AndroidManifest.xml:42:13-68
48            android:enabled="true"
48-->src/main/AndroidManifest.xml:43:13-35
49            android:exported="true" /> <!-- 注：此service必须在2.2.5版本以后（包括2.2.5版本）加入 -->
49-->src/main/AndroidManifest.xml:44:13-36
50        <service
50-->src/main/AndroidManifest.xml:45:9-47:38
51            android:name="com.xiaomi.mipush.sdk.MessageHandleService"
51-->src/main/AndroidManifest.xml:46:13-70
52            android:enabled="true" />
52-->src/main/AndroidManifest.xml:47:13-35
53
54        <receiver
54-->src/main/AndroidManifest.xml:49:9-57:20
55            android:name="com.xiaomi.push.service.receivers.NetworkStatusReceiver"
55-->src/main/AndroidManifest.xml:50:13-83
56            android:exported="true" >
56-->src/main/AndroidManifest.xml:51:13-36
57            <intent-filter>
57-->src/main/AndroidManifest.xml:52:13-56:29
58                <action android:name="android.net.conn.CONNECTIVITY_CHANGE" />
58-->src/main/AndroidManifest.xml:53:17-79
58-->src/main/AndroidManifest.xml:53:25-76
59
60                <category android:name="android.intent.category.DEFAULT" />
60-->src/main/AndroidManifest.xml:55:17-76
60-->src/main/AndroidManifest.xml:55:27-73
61            </intent-filter>
62        </receiver>
63        <receiver
63-->src/main/AndroidManifest.xml:58:9-65:20
64            android:name="com.xiaomi.push.service.receivers.PingReceiver"
64-->src/main/AndroidManifest.xml:59:13-74
65            android:exported="false"
65-->src/main/AndroidManifest.xml:60:13-37
66            android:process=":pushservice" >
66-->src/main/AndroidManifest.xml:61:13-43
67            <intent-filter>
67-->src/main/AndroidManifest.xml:62:13-64:29
68                <action android:name="com.xiaomi.push.PING_TIMER" />
68-->src/main/AndroidManifest.xml:63:17-69
68-->src/main/AndroidManifest.xml:63:25-66
69            </intent-filter>
70        </receiver>
71        <receiver
71-->src/main/AndroidManifest.xml:66:9-80:20
72            android:name="com.personal.mpush.receiver.MyMiPushReceiver"
72-->src/main/AndroidManifest.xml:67:13-54
73            android:exported="true" >
73-->src/main/AndroidManifest.xml:68:13-36
74
75            <!-- 这里com.xiaomi.mipushdemo.DemoMessageRreceiver改成app中定义的完整类名 -->
76            <intent-filter>
76-->src/main/AndroidManifest.xml:71:13-73:29
77                <action android:name="com.xiaomi.mipush.RECEIVE_MESSAGE" />
77-->src/main/AndroidManifest.xml:72:17-76
77-->src/main/AndroidManifest.xml:72:25-73
78            </intent-filter>
79            <intent-filter>
79-->src/main/AndroidManifest.xml:74:13-76:29
80                <action android:name="com.xiaomi.mipush.MESSAGE_ARRIVED" />
80-->src/main/AndroidManifest.xml:75:17-76
80-->src/main/AndroidManifest.xml:75:25-73
81            </intent-filter>
82            <intent-filter>
82-->src/main/AndroidManifest.xml:77:13-79:29
83                <action android:name="com.xiaomi.mipush.ERROR" />
83-->src/main/AndroidManifest.xml:78:17-66
83-->src/main/AndroidManifest.xml:78:25-63
84            </intent-filter>
85        </receiver> <!-- hms透传service -->
86        <service
86-->src/main/AndroidManifest.xml:81:9-87:19
87            android:name="com.personal.mpush.service.MyHmsMessageService"
87-->src/main/AndroidManifest.xml:82:13-56
88            android:exported="false" >
88-->src/main/AndroidManifest.xml:83:13-37
89            <intent-filter>
89-->src/main/AndroidManifest.xml:84:13-86:29
90                <action android:name="com.huawei.push.action.MESSAGING_EVENT" />
90-->src/main/AndroidManifest.xml:85:17-81
90-->src/main/AndroidManifest.xml:85:25-78
91            </intent-filter>
92        </service>
93    </application>
94
95</manifest>